<?xml version="1.0" encoding="UTF-8"?>
<!-- Generated by org.testng.reporters.JUnitXMLReporter -->
<testsuite hostname="Ashwini" name="ebay App Validation on Android Emulator 7.0" tests="3" failures="0" timestamp="13 Sep 2018 01:40:47 GMT" time="503.184" errors="0">
  <testcase name="SignInVerification" time="40.225" classname="com.ebay.Testcases.Login"/>
  <testcase name="verifyCategories" time="56.661" classname="com.ebay.Testcases.Categories"/>
  <testcase name="search" time="21.412" classname="com.ebay.Testcases.Search"/>
</testsuite> <!-- ebay App Validation on Android Emulator 7.0 -->
