<?xml version="1.0" encoding="UTF-8"?>
<!-- Generated by org.testng.reporters.JUnitXMLReporter -->
<testsuite hostname="Ashwini" name="ebay App Validation on Android Emulator 7.0" tests="3" failures="0" timestamp="5 Sep 2018 08:07:55 GMT" time="231.717" errors="0">
  <testcase name="SignInVerification" time="38.705" classname="com.ebay.Testcases.Login"/>
  <testcase name="verifyCategories" time="59.57" classname="com.ebay.Testcases.Categories"/>
  <testcase name="search" time="1.437" classname="com.ebay.Testcases.Search"/>
</testsuite> <!-- ebay App Validation on Android Emulator 7.0 -->
