<?xml version="1.0" encoding="UTF-8"?>
<testng-results skipped="0" failed="0" total="3" passed="3">
  <reporter-output>
    <line>
      <![CDATA[ object is displayed]]>
    </line>
    <line>
      <![CDATA[ object is displayed]]>
    </line>
    <line>
      <![CDATA[Button  was clicked]]>
    </line>
    <line>
      <![CDATA[SIGN IN object is displayed]]>
    </line>
    <line>
      <![CDATA[Button SIGN IN was clicked]]>
    </line>
    <line>
      <![CDATA[bhargavi.ravi0509@gmail.com was input into UI]]>
    </line>
    <line>
      <![CDATA[Entered UN]]>
    </line>
    <line>
      <![CDATA[Test%123 was input into UI]]>
    </line>
    <line>
      <![CDATA[Entered Pwd]]>
    </line>
    <line>
      <![CDATA[Button SIGN IN was clicked]]>
    </line>
    <line>
      <![CDATA[Button MAYBE LATER was clicked]]>
    </line>
    <line>
      <![CDATA[ object is displayed]]>
    </line>
    <line>
      <![CDATA[Signned In successfully]]>
    </line>
    <line>
      <![CDATA[ object is displayed]]>
    </line>
    <line>
      <![CDATA[Button CATEGORIES was clicked]]>
    </line>
    <line>
      <![CDATA[Everything Else object is displayed]]>
    </line>
    <line>
      <![CDATA[Test case to verify CategoriesPassed]]>
    </line>
    <line>
      <![CDATA[ object is displayed]]>
    </line>
  </reporter-output>
  <suite name="ebay App Suite" duration-ms="231717" started-at="2018-09-05T08:04:04Z" finished-at="2018-09-05T08:07:55Z">
    <groups>
    </groups>
    <test name="ebay App Validation on Android Emulator 7.0" duration-ms="231717" started-at="2018-09-05T08:04:04Z" finished-at="2018-09-05T08:07:55Z">
      <class name="com.ebay.Testcases.Search">
        <test-method status="PASS" signature="Setup(java.lang.String, java.lang.String, java.lang.String, java.lang.String, java.lang.String, int, java.lang.String, java.lang.String)[pri:0, instance:com.ebay.Testcases.Search@4cf777e8]" name="Setup" is-config="true" duration-ms="35215" started-at="2018-09-05T13:37:12Z" finished-at="2018-09-05T13:37:47Z">
          <params>
            <param index="0">
              <value>
                <![CDATA[Android]]>
              </value>
            </param>
            <param index="1">
              <value>
                <![CDATA[7.0]]>
              </value>
            </param>
            <param index="2">
              <value>
                <![CDATA[ZY3222CHPK]]>
              </value>
            </param>
            <param index="3">
              <value>
                <![CDATA[portrait]]>
              </value>
            </param>
            <param index="4">
              <value>
                <![CDATA[Appium]]>
              </value>
            </param>
            <param index="5">
              <value>
                <![CDATA[1000]]>
              </value>
            </param>
            <param index="6">
              <value>
                <![CDATA[true]]>
              </value>
            </param>
            <param index="7">
              <value>
                <![CDATA[true]]>
              </value>
            </param>
          </params>
          <reporter-output>
          </reporter-output>
        </test-method> <!-- Setup -->
        <test-method status="PASS" signature="search(java.util.Hashtable)[pri:0, instance:com.ebay.Testcases.Search@4cf777e8]" name="search" duration-ms="1437" started-at="2018-09-05T13:37:47Z" data-provider="FormsData" finished-at="2018-09-05T13:37:48Z">
          <params>
            <param index="0">
              <value>
                <![CDATA[{TestCase=Test case to verify Search, InputValue=Phone, execute=Y, VerificationKey=Search}]]>
              </value>
            </param>
          </params>
          <reporter-output>
            <line>
              <![CDATA[ object is displayed]]>
            </line>
          </reporter-output>
        </test-method> <!-- search -->
        <test-method status="PASS" signature="TearDown()[pri:0, instance:com.ebay.Testcases.Search@4cf777e8]" name="TearDown" is-config="true" duration-ms="6878" started-at="2018-09-05T13:37:48Z" finished-at="2018-09-05T13:37:55Z">
          <reporter-output>
          </reporter-output>
        </test-method> <!-- TearDown -->
      </class> <!-- com.ebay.Testcases.Search -->
      <class name="com.ebay.Testcases.Login">
        <test-method status="PASS" signature="Setup(java.lang.String, java.lang.String, java.lang.String, java.lang.String, java.lang.String, int, java.lang.String, java.lang.String)[pri:0, instance:com.ebay.Testcases.Login@27c20538]" name="Setup" is-config="true" duration-ms="39815" started-at="2018-09-05T13:34:04Z" finished-at="2018-09-05T13:34:44Z">
          <params>
            <param index="0">
              <value>
                <![CDATA[Android]]>
              </value>
            </param>
            <param index="1">
              <value>
                <![CDATA[7.0]]>
              </value>
            </param>
            <param index="2">
              <value>
                <![CDATA[ZY3222CHPK]]>
              </value>
            </param>
            <param index="3">
              <value>
                <![CDATA[portrait]]>
              </value>
            </param>
            <param index="4">
              <value>
                <![CDATA[Appium]]>
              </value>
            </param>
            <param index="5">
              <value>
                <![CDATA[1000]]>
              </value>
            </param>
            <param index="6">
              <value>
                <![CDATA[true]]>
              </value>
            </param>
            <param index="7">
              <value>
                <![CDATA[true]]>
              </value>
            </param>
          </params>
          <reporter-output>
          </reporter-output>
        </test-method> <!-- Setup -->
        <test-method status="PASS" signature="SignInVerification(java.util.Hashtable)[pri:0, instance:com.ebay.Testcases.Login@27c20538]" name="SignInVerification" duration-ms="38705" started-at="2018-09-05T13:34:44Z" data-provider="FormsData" finished-at="2018-09-05T13:35:23Z">
          <params>
            <param index="0">
              <value>
                <![CDATA[{TestCase=Test case to verify Sign In, Password=Test%123, execute=Y, UserName=bhargavi.ravi0509@gmail.com, VerificationKey=SignIn}]]>
              </value>
            </param>
          </params>
          <reporter-output>
            <line>
              <![CDATA[ object is displayed]]>
            </line>
            <line>
              <![CDATA[ object is displayed]]>
            </line>
            <line>
              <![CDATA[Button  was clicked]]>
            </line>
            <line>
              <![CDATA[SIGN IN object is displayed]]>
            </line>
            <line>
              <![CDATA[Button SIGN IN was clicked]]>
            </line>
            <line>
              <![CDATA[bhargavi.ravi0509@gmail.com was input into UI]]>
            </line>
            <line>
              <![CDATA[Entered UN]]>
            </line>
            <line>
              <![CDATA[Test%123 was input into UI]]>
            </line>
            <line>
              <![CDATA[Entered Pwd]]>
            </line>
            <line>
              <![CDATA[Button SIGN IN was clicked]]>
            </line>
            <line>
              <![CDATA[Button MAYBE LATER was clicked]]>
            </line>
            <line>
              <![CDATA[ object is displayed]]>
            </line>
            <line>
              <![CDATA[Signned In successfully]]>
            </line>
          </reporter-output>
        </test-method> <!-- SignInVerification -->
        <test-method status="PASS" signature="TearDown()[pri:0, instance:com.ebay.Testcases.Login@27c20538]" name="TearDown" is-config="true" duration-ms="6942" started-at="2018-09-05T13:35:23Z" finished-at="2018-09-05T13:35:30Z">
          <reporter-output>
          </reporter-output>
        </test-method> <!-- TearDown -->
      </class> <!-- com.ebay.Testcases.Login -->
      <class name="com.ebay.Testcases.Categories">
        <test-method status="PASS" signature="Setup(java.lang.String, java.lang.String, java.lang.String, java.lang.String, java.lang.String, int, java.lang.String, java.lang.String)[pri:0, instance:com.ebay.Testcases.Categories@56ac3a89]" name="Setup" is-config="true" duration-ms="35316" started-at="2018-09-05T13:35:30Z" finished-at="2018-09-05T13:36:05Z">
          <params>
            <param index="0">
              <value>
                <![CDATA[Android]]>
              </value>
            </param>
            <param index="1">
              <value>
                <![CDATA[7.0]]>
              </value>
            </param>
            <param index="2">
              <value>
                <![CDATA[ZY3222CHPK]]>
              </value>
            </param>
            <param index="3">
              <value>
                <![CDATA[portrait]]>
              </value>
            </param>
            <param index="4">
              <value>
                <![CDATA[Appium]]>
              </value>
            </param>
            <param index="5">
              <value>
                <![CDATA[1000]]>
              </value>
            </param>
            <param index="6">
              <value>
                <![CDATA[true]]>
              </value>
            </param>
            <param index="7">
              <value>
                <![CDATA[true]]>
              </value>
            </param>
          </params>
          <reporter-output>
          </reporter-output>
        </test-method> <!-- Setup -->
        <test-method status="PASS" signature="verifyCategories(java.util.Hashtable)[pri:0, instance:com.ebay.Testcases.Categories@56ac3a89]" name="verifyCategories" duration-ms="59570" started-at="2018-09-05T13:36:05Z" data-provider="FormsData" finished-at="2018-09-05T13:37:05Z">
          <params>
            <param index="0">
              <value>
                <![CDATA[{TestCase=Test case to verify Categories, execute=Y, VerificationKey=Categories}]]>
              </value>
            </param>
          </params>
          <reporter-output>
            <line>
              <![CDATA[ object is displayed]]>
            </line>
            <line>
              <![CDATA[Button CATEGORIES was clicked]]>
            </line>
            <line>
              <![CDATA[Everything Else object is displayed]]>
            </line>
            <line>
              <![CDATA[Test case to verify CategoriesPassed]]>
            </line>
          </reporter-output>
        </test-method> <!-- verifyCategories -->
        <test-method status="PASS" signature="TearDown()[pri:0, instance:com.ebay.Testcases.Categories@56ac3a89]" name="TearDown" is-config="true" duration-ms="7107" started-at="2018-09-05T13:37:05Z" finished-at="2018-09-05T13:37:12Z">
          <reporter-output>
          </reporter-output>
        </test-method> <!-- TearDown -->
      </class> <!-- com.ebay.Testcases.Categories -->
    </test> <!-- ebay App Validation on Android Emulator 7.0 -->
  </suite> <!-- ebay App Suite -->
</testng-results>
